{"/Users/locspc/repos/fullstackopen/part5/notes-frontend/src/App.jsx": {"path":"/Users/locspc/repos/fullstackopen/part5/notes-frontend/src/App.jsx","statementMap":{"0":{"start":{"line":11,"column":12},"end":{"line":139,"column":1}},"1":{"start":{"line":12,"column":30},"end":{"line":12,"column":42}},"2":{"start":{"line":13,"column":28},"end":{"line":13,"column":42}},"3":{"start":{"line":14,"column":34},"end":{"line":14,"column":48}},"4":{"start":{"line":15,"column":44},"end":{"line":15,"column":58}},"5":{"start":{"line":17,"column":4},"end":{"line":24,"column":10}},"6":{"start":{"line":18,"column":31},"end":{"line":18,"column":79}},"7":{"start":{"line":19,"column":8},"end":{"line":23,"column":9}},"8":{"start":{"line":20,"column":25},"end":{"line":20,"column":51}},"9":{"start":{"line":21,"column":12},"end":{"line":21,"column":25}},"10":{"start":{"line":22,"column":12},"end":{"line":22,"column":44}},"11":{"start":{"line":26,"column":4},"end":{"line":32,"column":10}},"12":{"start":{"line":27,"column":8},"end":{"line":31,"column":14}},"13":{"start":{"line":30,"column":16},"end":{"line":30,"column":38}},"14":{"start":{"line":34,"column":24},"end":{"line":34,"column":32}},"15":{"start":{"line":36,"column":20},"end":{"line":43,"column":5}},"16":{"start":{"line":37,"column":8},"end":{"line":37,"column":46}},"17":{"start":{"line":38,"column":8},"end":{"line":42,"column":14}},"18":{"start":{"line":41,"column":16},"end":{"line":41,"column":52}},"19":{"start":{"line":45,"column":31},"end":{"line":62,"column":5}},"20":{"start":{"line":46,"column":21},"end":{"line":46,"column":49}},"21":{"start":{"line":46,"column":37},"end":{"line":46,"column":48}},"22":{"start":{"line":47,"column":28},"end":{"line":47,"column":67}},"23":{"start":{"line":49,"column":8},"end":{"line":61,"column":14}},"24":{"start":{"line":52,"column":16},"end":{"line":52,"column":81}},"25":{"start":{"line":52,"column":43},"end":{"line":52,"column":79}},"26":{"start":{"line":55,"column":16},"end":{"line":57,"column":17}},"27":{"start":{"line":58,"column":16},"end":{"line":60,"column":24}},"28":{"start":{"line":59,"column":20},"end":{"line":59,"column":41}},"29":{"start":{"line":66,"column":24},"end":{"line":87,"column":5}},"30":{"start":{"line":67,"column":8},"end":{"line":84,"column":9}},"31":{"start":{"line":68,"column":25},"end":{"line":70,"column":13}},"32":{"start":{"line":72,"column":12},"end":{"line":74,"column":13}},"33":{"start":{"line":76,"column":12},"end":{"line":76,"column":44}},"34":{"start":{"line":77,"column":12},"end":{"line":77,"column":25}},"35":{"start":{"line":80,"column":12},"end":{"line":80,"column":46}},"36":{"start":{"line":81,"column":12},"end":{"line":83,"column":20}},"37":{"start":{"line":82,"column":16},"end":{"line":82,"column":37}},"38":{"start":{"line":86,"column":8},"end":{"line":86,"column":58}},"39":{"start":{"line":89,"column":22},"end":{"line":95,"column":5}},"40":{"start":{"line":90,"column":8},"end":{"line":94,"column":20}},"41":{"start":{"line":97,"column":21},"end":{"line":103,"column":5}},"42":{"start":{"line":98,"column":8},"end":{"line":102,"column":20}},"43":{"start":{"line":105,"column":24},"end":{"line":107,"column":46}},"44":{"start":{"line":107,"column":31},"end":{"line":107,"column":45}},"45":{"start":{"line":109,"column":4},"end":{"line":138,"column":5}},"46":{"start":{"line":122,"column":39},"end":{"line":122,"column":59}},"47":{"start":{"line":128,"column":20},"end":{"line":132,"column":22}},"48":{"start":{"line":131,"column":48},"end":{"line":131,"column":75}}},"fnMap":{"0":{"name":"(anonymous_0)","decl":{"start":{"line":11,"column":12},"end":{"line":11,"column":13}},"loc":{"start":{"line":11,"column":18},"end":{"line":139,"column":1}},"line":11},"1":{"name":"(anonymous_1)","decl":{"start":{"line":17,"column":14},"end":{"line":17,"column":15}},"loc":{"start":{"line":17,"column":20},"end":{"line":24,"column":5}},"line":17},"2":{"name":"(anonymous_2)","decl":{"start":{"line":26,"column":14},"end":{"line":26,"column":15}},"loc":{"start":{"line":26,"column":20},"end":{"line":32,"column":5}},"line":26},"3":{"name":"(anonymous_3)","decl":{"start":{"line":29,"column":18},"end":{"line":29,"column":19}},"loc":{"start":{"line":29,"column":34},"end":{"line":31,"column":13}},"line":29},"4":{"name":"(anonymous_4)","decl":{"start":{"line":36,"column":20},"end":{"line":36,"column":21}},"loc":{"start":{"line":36,"column":36},"end":{"line":43,"column":5}},"line":36},"5":{"name":"(anonymous_5)","decl":{"start":{"line":40,"column":18},"end":{"line":40,"column":19}},"loc":{"start":{"line":40,"column":34},"end":{"line":42,"column":13}},"line":40},"6":{"name":"(anonymous_6)","decl":{"start":{"line":45,"column":31},"end":{"line":45,"column":32}},"loc":{"start":{"line":45,"column":37},"end":{"line":62,"column":5}},"line":45},"7":{"name":"(anonymous_7)","decl":{"start":{"line":46,"column":32},"end":{"line":46,"column":33}},"loc":{"start":{"line":46,"column":37},"end":{"line":46,"column":48}},"line":46},"8":{"name":"(anonymous_8)","decl":{"start":{"line":51,"column":18},"end":{"line":51,"column":19}},"loc":{"start":{"line":51,"column":34},"end":{"line":53,"column":13}},"line":51},"9":{"name":"(anonymous_9)","decl":{"start":{"line":52,"column":35},"end":{"line":52,"column":36}},"loc":{"start":{"line":52,"column":43},"end":{"line":52,"column":79}},"line":52},"10":{"name":"(anonymous_10)","decl":{"start":{"line":54,"column":19},"end":{"line":54,"column":20}},"loc":{"start":{"line":54,"column":28},"end":{"line":61,"column":13}},"line":54},"11":{"name":"(anonymous_11)","decl":{"start":{"line":58,"column":27},"end":{"line":58,"column":28}},"loc":{"start":{"line":58,"column":33},"end":{"line":60,"column":17}},"line":58},"12":{"name":"(anonymous_12)","decl":{"start":{"line":66,"column":24},"end":{"line":66,"column":25}},"loc":{"start":{"line":66,"column":58},"end":{"line":87,"column":5}},"line":66},"13":{"name":"(anonymous_13)","decl":{"start":{"line":81,"column":23},"end":{"line":81,"column":24}},"loc":{"start":{"line":81,"column":29},"end":{"line":83,"column":13}},"line":81},"14":{"name":"(anonymous_14)","decl":{"start":{"line":89,"column":22},"end":{"line":89,"column":23}},"loc":{"start":{"line":90,"column":8},"end":{"line":94,"column":20}},"line":90},"15":{"name":"(anonymous_15)","decl":{"start":{"line":97,"column":21},"end":{"line":97,"column":22}},"loc":{"start":{"line":98,"column":8},"end":{"line":102,"column":20}},"line":98},"16":{"name":"(anonymous_16)","decl":{"start":{"line":107,"column":23},"end":{"line":107,"column":24}},"loc":{"start":{"line":107,"column":31},"end":{"line":107,"column":45}},"line":107},"17":{"name":"(anonymous_17)","decl":{"start":{"line":122,"column":33},"end":{"line":122,"column":34}},"loc":{"start":{"line":122,"column":39},"end":{"line":122,"column":59}},"line":122},"18":{"name":"(anonymous_18)","decl":{"start":{"line":127,"column":33},"end":{"line":127,"column":34}},"loc":{"start":{"line":128,"column":20},"end":{"line":132,"column":22}},"line":128},"19":{"name":"(anonymous_19)","decl":{"start":{"line":131,"column":42},"end":{"line":131,"column":43}},"loc":{"start":{"line":131,"column":48},"end":{"line":131,"column":75}},"line":131}},"branchMap":{"0":{"loc":{"start":{"line":19,"column":8},"end":{"line":23,"column":9}},"type":"if","locations":[{"start":{"line":19,"column":8},"end":{"line":23,"column":9}},{"start":{},"end":{}}],"line":19},"1":{"loc":{"start":{"line":52,"column":43},"end":{"line":52,"column":79}},"type":"cond-expr","locations":[{"start":{"line":52,"column":60},"end":{"line":52,"column":64}},{"start":{"line":52,"column":67},"end":{"line":52,"column":79}}],"line":52},"2":{"loc":{"start":{"line":105,"column":24},"end":{"line":107,"column":46}},"type":"cond-expr","locations":[{"start":{"line":106,"column":10},"end":{"line":106,"column":15}},{"start":{"line":107,"column":10},"end":{"line":107,"column":46}}],"line":105},"3":{"loc":{"start":{"line":113,"column":13},"end":{"line":113,"column":33}},"type":"binary-expr","locations":[{"start":{"line":113,"column":13},"end":{"line":113,"column":18}},{"start":{"line":113,"column":22},"end":{"line":113,"column":33}}],"line":113},"4":{"loc":{"start":{"line":114,"column":13},"end":{"line":117,"column":18}},"type":"binary-expr","locations":[{"start":{"line":114,"column":13},"end":{"line":114,"column":17}},{"start":{"line":114,"column":21},"end":{"line":117,"column":18}}],"line":114},"5":{"loc":{"start":{"line":123,"column":16},"end":{"line":123,"column":45}},"type":"cond-expr","locations":[{"start":{"line":123,"column":26},"end":{"line":123,"column":37}},{"start":{"line":123,"column":40},"end":{"line":123,"column":45}}],"line":123}},"s":{"0":0,"1":0,"2":0,"3":0,"4":0,"5":0,"6":0,"7":0,"8":0,"9":0,"10":0,"11":0,"12":0,"13":0,"14":0,"15":0,"16":0,"17":0,"18":0,"19":0,"20":0,"21":0,"22":0,"23":0,"24":0,"25":0,"26":0,"27":0,"28":0,"29":0,"30":0,"31":0,"32":0,"33":0,"34":0,"35":0,"36":0,"37":0,"38":0,"39":0,"40":0,"41":0,"42":0,"43":0,"44":0,"45":0,"46":0,"47":0,"48":0},"f":{"0":0,"1":0,"2":0,"3":0,"4":0,"5":0,"6":0,"7":0,"8":0,"9":0,"10":0,"11":0,"12":0,"13":0,"14":0,"15":0,"16":0,"17":0,"18":0,"19":0},"b":{"0":[0,0],"1":[0,0],"2":[0,0],"3":[0,0],"4":[0,0],"5":[0,0]}}
,"/Users/locspc/repos/fullstackopen/part5/notes-frontend/src/main.jsx": {"path":"/Users/locspc/repos/fullstackopen/part5/notes-frontend/src/main.jsx","statementMap":{"0":{"start":{"line":5,"column":0},"end":{"line":5,"column":68}}},"fnMap":{},"branchMap":{},"s":{"0":0},"f":{},"b":{}}
,"/Users/locspc/repos/fullstackopen/part5/notes-frontend/src/components/Footer.jsx": {"path":"/Users/locspc/repos/fullstackopen/part5/notes-frontend/src/components/Footer.jsx","statementMap":{"0":{"start":{"line":1,"column":15},"end":{"line":14,"column":1}},"1":{"start":{"line":2,"column":24},"end":{"line":6,"column":5}},"2":{"start":{"line":8,"column":4},"end":{"line":13,"column":5}}},"fnMap":{"0":{"name":"(anonymous_0)","decl":{"start":{"line":1,"column":15},"end":{"line":1,"column":16}},"loc":{"start":{"line":1,"column":21},"end":{"line":14,"column":1}},"line":1}},"branchMap":{},"s":{"0":0,"1":0,"2":0},"f":{"0":0},"b":{}}
,"/Users/locspc/repos/fullstackopen/part5/notes-frontend/src/components/LoginForm.jsx": {"path":"/Users/locspc/repos/fullstackopen/part5/notes-frontend/src/components/LoginForm.jsx","statementMap":{"0":{"start":{"line":4,"column":18},"end":{"line":38,"column":1}},"1":{"start":{"line":5,"column":36},"end":{"line":5,"column":48}},"2":{"start":{"line":6,"column":36},"end":{"line":6,"column":48}},"3":{"start":{"line":8,"column":25},"end":{"line":13,"column":5}},"4":{"start":{"line":9,"column":8},"end":{"line":9,"column":30}},"5":{"start":{"line":10,"column":8},"end":{"line":10,"column":43}},"6":{"start":{"line":11,"column":8},"end":{"line":11,"column":23}},"7":{"start":{"line":12,"column":8},"end":{"line":12,"column":23}},"8":{"start":{"line":15,"column":4},"end":{"line":37,"column":5}},"9":{"start":{"line":23,"column":50},"end":{"line":23,"column":75}},"10":{"start":{"line":31,"column":50},"end":{"line":31,"column":75}},"11":{"start":{"line":40,"column":0},"end":{"line":46,"column":1}}},"fnMap":{"0":{"name":"(anonymous_0)","decl":{"start":{"line":4,"column":18},"end":{"line":4,"column":19}},"loc":{"start":{"line":4,"column":39},"end":{"line":38,"column":1}},"line":4},"1":{"name":"(anonymous_1)","decl":{"start":{"line":8,"column":25},"end":{"line":8,"column":26}},"loc":{"start":{"line":8,"column":36},"end":{"line":13,"column":5}},"line":8},"2":{"name":"(anonymous_2)","decl":{"start":{"line":23,"column":34},"end":{"line":23,"column":35}},"loc":{"start":{"line":23,"column":50},"end":{"line":23,"column":75}},"line":23},"3":{"name":"(anonymous_3)","decl":{"start":{"line":31,"column":34},"end":{"line":31,"column":35}},"loc":{"start":{"line":31,"column":50},"end":{"line":31,"column":75}},"line":31}},"branchMap":{},"s":{"0":0,"1":0,"2":0,"3":0,"4":0,"5":0,"6":0,"7":0,"8":0,"9":0,"10":0,"11":0},"f":{"0":0,"1":0,"2":0,"3":0},"b":{}}
,"/Users/locspc/repos/fullstackopen/part5/notes-frontend/src/components/Note.jsx": {"path":"/Users/locspc/repos/fullstackopen/part5/notes-frontend/src/components/Note.jsx","statementMap":{"0":{"start":{"line":1,"column":13},"end":{"line":11,"column":1}},"1":{"start":{"line":2,"column":18},"end":{"line":3,"column":49}},"2":{"start":{"line":5,"column":4},"end":{"line":10,"column":5}}},"fnMap":{"0":{"name":"(anonymous_0)","decl":{"start":{"line":1,"column":13},"end":{"line":1,"column":14}},"loc":{"start":{"line":1,"column":45},"end":{"line":11,"column":1}},"line":1}},"branchMap":{"0":{"loc":{"start":{"line":2,"column":18},"end":{"line":3,"column":49}},"type":"cond-expr","locations":[{"start":{"line":3,"column":10},"end":{"line":3,"column":30}},{"start":{"line":3,"column":33},"end":{"line":3,"column":49}}],"line":2}},"s":{"0":1,"1":2,"2":2},"f":{"0":2},"b":{"0":[2,0]},"_coverageSchema":"1a1c01bbd47fc00a2c39e90264f33305004495a9","hash":"db190ef7d03ad4b3754712f6cb2224ced6a6fbf9"}
,"/Users/locspc/repos/fullstackopen/part5/notes-frontend/src/components/NoteForm.jsx": {"path":"/Users/locspc/repos/fullstackopen/part5/notes-frontend/src/components/NoteForm.jsx","statementMap":{"0":{"start":{"line":2,"column":17},"end":{"line":28,"column":1}},"1":{"start":{"line":3,"column":34},"end":{"line":3,"column":46}},"2":{"start":{"line":4,"column":25},"end":{"line":6,"column":5}},"3":{"start":{"line":5,"column":8},"end":{"line":5,"column":38}},"4":{"start":{"line":7,"column":20},"end":{"line":14,"column":5}},"5":{"start":{"line":8,"column":8},"end":{"line":8,"column":30}},"6":{"start":{"line":9,"column":8},"end":{"line":12,"column":10}},"7":{"start":{"line":13,"column":8},"end":{"line":13,"column":22}},"8":{"start":{"line":15,"column":4},"end":{"line":27,"column":16}}},"fnMap":{"0":{"name":"(anonymous_0)","decl":{"start":{"line":2,"column":17},"end":{"line":2,"column":18}},"loc":{"start":{"line":2,"column":37},"end":{"line":28,"column":1}},"line":2},"1":{"name":"(anonymous_1)","decl":{"start":{"line":4,"column":25},"end":{"line":4,"column":26}},"loc":{"start":{"line":4,"column":36},"end":{"line":6,"column":5}},"line":4},"2":{"name":"(anonymous_2)","decl":{"start":{"line":7,"column":20},"end":{"line":7,"column":21}},"loc":{"start":{"line":7,"column":31},"end":{"line":14,"column":5}},"line":7}},"branchMap":{},"s":{"0":1,"1":19,"2":19,"3":17,"4":19,"5":1,"6":1,"7":1,"8":19},"f":{"0":19,"1":17,"2":1},"b":{},"_coverageSchema":"1a1c01bbd47fc00a2c39e90264f33305004495a9","hash":"d5dff5a12ad1246fd0a53992e7b9e831cbf60d85"}
,"/Users/locspc/repos/fullstackopen/part5/notes-frontend/src/components/Notification.jsx": {"path":"/Users/locspc/repos/fullstackopen/part5/notes-frontend/src/components/Notification.jsx","statementMap":{"0":{"start":{"line":1,"column":21},"end":{"line":11,"column":1}},"1":{"start":{"line":2,"column":4},"end":{"line":4,"column":5}},"2":{"start":{"line":3,"column":8},"end":{"line":3,"column":19}},"3":{"start":{"line":6,"column":4},"end":{"line":10,"column":5}}},"fnMap":{"0":{"name":"(anonymous_0)","decl":{"start":{"line":1,"column":21},"end":{"line":1,"column":22}},"loc":{"start":{"line":1,"column":38},"end":{"line":11,"column":1}},"line":1}},"branchMap":{"0":{"loc":{"start":{"line":2,"column":4},"end":{"line":4,"column":5}},"type":"if","locations":[{"start":{"line":2,"column":4},"end":{"line":4,"column":5}},{"start":{},"end":{}}],"line":2}},"s":{"0":0,"1":0,"2":0,"3":0},"f":{"0":0},"b":{"0":[0,0]}}
,"/Users/locspc/repos/fullstackopen/part5/notes-frontend/src/components/Togglable.jsx": {"path":"/Users/locspc/repos/fullstackopen/part5/notes-frontend/src/components/Togglable.jsx","statementMap":{"0":{"start":{"line":4,"column":18},"end":{"line":31,"column":2}},"1":{"start":{"line":5,"column":34},"end":{"line":5,"column":49}},"2":{"start":{"line":7,"column":28},"end":{"line":7,"column":62}},"3":{"start":{"line":8,"column":28},"end":{"line":8,"column":62}},"4":{"start":{"line":10,"column":29},"end":{"line":12,"column":5}},"5":{"start":{"line":11,"column":8},"end":{"line":11,"column":28}},"6":{"start":{"line":14,"column":4},"end":{"line":18,"column":6}},"7":{"start":{"line":15,"column":8},"end":{"line":17,"column":9}},"8":{"start":{"line":20,"column":4},"end":{"line":30,"column":5}},"9":{"start":{"line":33,"column":0},"end":{"line":33,"column":35}},"10":{"start":{"line":35,"column":0},"end":{"line":37,"column":1}}},"fnMap":{"0":{"name":"(anonymous_0)","decl":{"start":{"line":4,"column":29},"end":{"line":4,"column":30}},"loc":{"start":{"line":4,"column":46},"end":{"line":31,"column":1}},"line":4},"1":{"name":"(anonymous_1)","decl":{"start":{"line":10,"column":29},"end":{"line":10,"column":30}},"loc":{"start":{"line":10,"column":35},"end":{"line":12,"column":5}},"line":10},"2":{"name":"(anonymous_2)","decl":{"start":{"line":14,"column":30},"end":{"line":14,"column":31}},"loc":{"start":{"line":14,"column":36},"end":{"line":18,"column":5}},"line":14}},"branchMap":{"0":{"loc":{"start":{"line":7,"column":39},"end":{"line":7,"column":60}},"type":"cond-expr","locations":[{"start":{"line":7,"column":49},"end":{"line":7,"column":55}},{"start":{"line":7,"column":58},"end":{"line":7,"column":60}}],"line":7},"1":{"loc":{"start":{"line":8,"column":39},"end":{"line":8,"column":60}},"type":"cond-expr","locations":[{"start":{"line":8,"column":49},"end":{"line":8,"column":51}},{"start":{"line":8,"column":54},"end":{"line":8,"column":60}}],"line":8}},"s":{"0":1,"1":7,"2":7,"3":7,"4":7,"5":3,"6":7,"7":0,"8":7,"9":1,"10":1},"f":{"0":7,"1":3,"2":0},"b":{"0":[2,5],"1":[2,5]},"_coverageSchema":"1a1c01bbd47fc00a2c39e90264f33305004495a9","hash":"bab5d4ce9a98ae8aefbc93f6b4b61b481350a40d"}
,"/Users/locspc/repos/fullstackopen/part5/notes-frontend/src/services/login.js": {"path":"/Users/locspc/repos/fullstackopen/part5/notes-frontend/src/services/login.js","statementMap":{"0":{"start":{"line":2,"column":16},"end":{"line":2,"column":28}},"1":{"start":{"line":4,"column":14},"end":{"line":7,"column":1}},"2":{"start":{"line":5,"column":21},"end":{"line":5,"column":59}},"3":{"start":{"line":6,"column":4},"end":{"line":6,"column":24}}},"fnMap":{"0":{"name":"(anonymous_0)","decl":{"start":{"line":4,"column":14},"end":{"line":4,"column":15}},"loc":{"start":{"line":4,"column":35},"end":{"line":7,"column":1}},"line":4}},"branchMap":{},"s":{"0":0,"1":0,"2":0,"3":0},"f":{"0":0},"b":{}}
,"/Users/locspc/repos/fullstackopen/part5/notes-frontend/src/services/notes.js": {"path":"/Users/locspc/repos/fullstackopen/part5/notes-frontend/src/services/notes.js","statementMap":{"0":{"start":{"line":2,"column":16},"end":{"line":2,"column":28}},"1":{"start":{"line":4,"column":12},"end":{"line":4,"column":16}},"2":{"start":{"line":6,"column":17},"end":{"line":8,"column":1}},"3":{"start":{"line":7,"column":4},"end":{"line":7,"column":32}},"4":{"start":{"line":10,"column":15},"end":{"line":13,"column":1}},"5":{"start":{"line":11,"column":20},"end":{"line":11,"column":38}},"6":{"start":{"line":12,"column":4},"end":{"line":12,"column":50}},"7":{"start":{"line":12,"column":36},"end":{"line":12,"column":49}},"8":{"start":{"line":15,"column":15},"end":{"line":21,"column":1}},"9":{"start":{"line":16,"column":19},"end":{"line":18,"column":5}},"10":{"start":{"line":19,"column":21},"end":{"line":19,"column":65}},"11":{"start":{"line":20,"column":4},"end":{"line":20,"column":24}},"12":{"start":{"line":23,"column":15},"end":{"line":26,"column":1}},"13":{"start":{"line":24,"column":20},"end":{"line":24,"column":60}},"14":{"start":{"line":25,"column":4},"end":{"line":25,"column":50}},"15":{"start":{"line":25,"column":36},"end":{"line":25,"column":49}}},"fnMap":{"0":{"name":"(anonymous_0)","decl":{"start":{"line":6,"column":17},"end":{"line":6,"column":18}},"loc":{"start":{"line":6,"column":29},"end":{"line":8,"column":1}},"line":6},"1":{"name":"(anonymous_1)","decl":{"start":{"line":10,"column":15},"end":{"line":10,"column":16}},"loc":{"start":{"line":10,"column":21},"end":{"line":13,"column":1}},"line":10},"2":{"name":"(anonymous_2)","decl":{"start":{"line":12,"column":24},"end":{"line":12,"column":25}},"loc":{"start":{"line":12,"column":36},"end":{"line":12,"column":49}},"line":12},"3":{"name":"(anonymous_3)","decl":{"start":{"line":15,"column":15},"end":{"line":15,"column":16}},"loc":{"start":{"line":15,"column":34},"end":{"line":21,"column":1}},"line":15},"4":{"name":"(anonymous_4)","decl":{"start":{"line":23,"column":15},"end":{"line":23,"column":16}},"loc":{"start":{"line":23,"column":34},"end":{"line":26,"column":1}},"line":23},"5":{"name":"(anonymous_5)","decl":{"start":{"line":25,"column":24},"end":{"line":25,"column":25}},"loc":{"start":{"line":25,"column":36},"end":{"line":25,"column":49}},"line":25}},"branchMap":{},"s":{"0":0,"1":0,"2":0,"3":0,"4":0,"5":0,"6":0,"7":0,"8":0,"9":0,"10":0,"11":0,"12":0,"13":0,"14":0,"15":0},"f":{"0":0,"1":0,"2":0,"3":0,"4":0,"5":0},"b":{}}
}
